<?xml version="1.0" encoding="UTF-8"?>
<!-- Generated by org.testng.reporters.JUnitXMLReporter -->
<testsuite hostname="DESKTOP-35PKLNE" ignored="0" name="Test" tests="3" failures="0" timestamp="2021-07-30T17:08:15 CEST" time="9.685" errors="0">
  <testcase name="logoPresence" time="0.232" classname="AllureReporting.Tests"/>
  <testcase name="loginTest" time="2.936" classname="AllureReporting.Tests"/>
  <testcase name="registrationTest" time="0.003" classname="AllureReporting.Tests">
    <skipped/>
  </testcase> <!-- registrationTest -->
</testsuite> <!-- Test -->
