<?xml version="1.0" encoding="UTF-8"?>
<!-- Generated by org.testng.reporters.JUnitXMLReporter -->
<testsuite hostname="DESKTOP-35PKLNE" ignored="0" tests="4" failures="0" timestamp="25 Jul 2021 13:39:12 GMT" time="0.446" errors="0">
  <testcase name="test_case_01" time="0.133" classname="Tutorial_Class__01_Listener_Test_Case"/>
  <testcase name="test_case_02" time="0.005" classname="Tutorial_Class__01_Listener_Test_Case"/>
  <testcase name="test_case_03" time="0.004" classname="Tutorial_Class__02_Listener_Test_Case"/>
  <testcase name="test_case_04" time="0.008" classname="Tutorial_Class__02_Listener_Test_Case"/>
</testsuite>
